0 info it worked if it ends with ok
1 verbose cli [ '/local/projects/node.js/node-v0.10.26-linux-x64/bin/node',
1 verbose cli   '/local/bin/npm',
1 verbose cli   'run',
1 verbose cli   'build' ]
2 info using npm@1.4.3
3 info using node@v0.10.26
4 verbose node symlink /local/projects/node.js/node-v0.10.26-linux-x64/bin/node
5 error Error: ENOENT, open '/gpfs/main/home/eweizman/course/is/package.json'
6 error If you need help, you may report this *entire* log,
6 error including the npm and node versions, at:
6 error     <http://github.com/npm/npm/issues>
7 error System Linux 3.16.0-4-amd64
8 error command "/local/projects/node.js/node-v0.10.26-linux-x64/bin/node" "/local/bin/npm" "run" "build"
9 error cwd /gpfs/main/home/eweizman/course/is
10 error node -v v0.10.26
11 error npm -v 1.4.3
12 error path /gpfs/main/home/eweizman/course/is/package.json
13 error code ENOENT
14 error errno 34
15 verbose exit [ 34, true ]
